22-02-2012 21:02:21 > WATCHER EVENT: remove file: test
22-02-2012 21:02:21 > WORKER: 1 tasks, REMOVE task: FAILED no poolfiles found , from: /home/jos/tmp/test, to: 
22-02-2012 21:02:26 > WATCHER EVENT: add file: test
22-02-2012 21:02:26 > WORKER: 1 tasks, ADD task: OK , from: /home/jos/tmp/test, to: 
22-02-2012 21:02:34 > WATCHER EVENT: add file: probeer
22-02-2012 21:02:34 > WORKER: 1 tasks, ADD task: OK , from: /home/jos/tmp/probeer, to: 
22-02-2012 21:03:16 > WATCHER EVENT: add file: 01 Nummer 1.mp3
22-02-2012 21:03:16 > WATCHER EVENT: add file: 02 Nummer 2.mp3
22-02-2012 21:03:16 > WATCHER EVENT: add file: 04 Nummer 4.mp3
22-02-2012 21:03:16 > WATCHER EVENT: add file: Alone.Mp3
22-02-2012 21:03:16 > WATCHER EVENT: add file: CrazyOnYou-Studio-Eb.mp3
22-02-2012 21:03:16 > WATCHER EVENT: add file: MagicMan-Eb.mp3
22-02-2012 21:03:16 > WATCHER EVENT: add file: Track 01.mp3
22-02-2012 21:03:16 > WATCHER EVENT: add file: Track 02.mp3
22-02-2012 21:03:16 > WORKER: 1 tasks, ADD task: FAILED could not create symlink , from: /home/jos/tmp/01 Nummer 1.mp3, to: 
22-02-2012 21:03:16 > WATCHER EVENT: remove file: 01 Nummer 1.mp3
22-02-2012 21:03:16 > WORKER: 8 tasks, ADD task: FAILED could not create symlink , from: /home/jos/tmp/02 Nummer 2.mp3, to: 
22-02-2012 21:03:16 > WATCHER EVENT: remove file: 02 Nummer 2.mp3
22-02-2012 21:03:17 > WORKER: 8 tasks, ADD task: FAILED could not create symlink , from: /home/jos/tmp/04 Nummer 4.mp3, to: 
22-02-2012 21:03:17 > WATCHER EVENT: remove file: 04 Nummer 4.mp3
22-02-2012 21:03:17 > WORKER: 8 tasks, ADD task: OK , from: /home/jos/tmp/Alone.Mp3, to: 
22-02-2012 21:03:17 > WORKER: 7 tasks, ADD task: OK , from: /home/jos/tmp/CrazyOnYou-Studio-Eb.mp3, to: 
22-02-2012 21:03:17 > WORKER: 6 tasks, ADD task: OK , from: /home/jos/tmp/MagicMan-Eb.mp3, to: 
22-02-2012 21:03:17 > WORKER: 5 tasks, ADD task: FAILED could not create symlink , from: /home/jos/tmp/Track 01.mp3, to: 
22-02-2012 21:03:17 > WATCHER EVENT: remove file: Track 01.mp3
22-02-2012 21:03:17 > WORKER: 4 tasks, ADD task: FAILED could not create symlink , from: /home/jos/tmp/Track 02.mp3, to: 
22-02-2012 21:03:17 > WATCHER EVENT: remove file: Track 02.mp3
22-02-2012 21:03:17 > WORKER: 5 tasks, REMOVE task: OK , from: /home/jos/tmp/01 Nummer 1.mp3, to: 
22-02-2012 21:03:17 > WORKER: 4 tasks, REMOVE task: OK , from: /home/jos/tmp/02 Nummer 2.mp3, to: 
22-02-2012 21:03:17 > WORKER: 3 tasks, REMOVE task: OK , from: /home/jos/tmp/04 Nummer 4.mp3, to: 
22-02-2012 21:03:18 > WORKER: 2 tasks, REMOVE task: OK , from: /home/jos/tmp/Track 01.mp3, to: 
22-02-2012 21:03:18 > WORKER: 1 tasks, REMOVE task: OK , from: /home/jos/tmp/Track 02.mp3, to: 
22-02-2012 21:03:36 > WATCHER EVENT: rename from: Alone.Mp3 to: CrazyOnYou-Studio-Eb.mp3
22-02-2012 21:03:36 > WATCHER EVENT: rename from: MagicMan-Eb.mp3 to: probeer
22-02-2012 21:03:36 > WATCHER EVENT: remove file: test
22-02-2012 21:03:36 > WORKER: 3 tasks, RENAME task: FAILED could not change link target , from: /home/jos/tmp/Alone.Mp3, to:/home/jos/tmp/CrazyOnYou-Studio-Eb.mp3
22-02-2012 21:03:36 > WORKER: 2 tasks, RENAME task: FAILED could not change link target , from: /home/jos/tmp/MagicMan-Eb.mp3, to:/home/jos/tmp/probeer
22-02-2012 21:03:36 > WORKER: 1 tasks, REMOVE task: OK , from: /home/jos/tmp/test, to: 
22-02-2012 21:08:12 > WATCHER EVENT: add file: test
22-02-2012 21:08:13 > WORKER: 1 tasks, ADD task: OK , from: /home/jos/tmp/test, to: 
22-02-2012 21:08:27 > WATCHER EVENT: add file: 01 Nummer 1.mp3
22-02-2012 21:08:27 > WATCHER EVENT: add file: 02 Nummer 2.mp3
22-02-2012 21:08:27 > WATCHER EVENT: add file: 04 Nummer 4.mp3
22-02-2012 21:08:27 > WATCHER EVENT: add file: Alone.Mp3
22-02-2012 21:08:27 > WATCHER EVENT: add file: CrazyOnYou-Studio-Eb.mp3
22-02-2012 21:08:27 > WATCHER EVENT: add file: MagicMan-Eb.mp3
22-02-2012 21:08:27 > WATCHER EVENT: add file: Track 01.mp3
22-02-2012 21:08:27 > WATCHER EVENT: add file: Track 02.mp3
22-02-2012 21:08:28 > WORKER: 1 tasks, ADD task: OK , from: /home/jos/tmp/01 Nummer 1.mp3, to: 
22-02-2012 21:08:28 > WORKER: 7 tasks, ADD task: OK , from: /home/jos/tmp/02 Nummer 2.mp3, to: 
22-02-2012 21:08:28 > WORKER: 6 tasks, ADD task: OK , from: /home/jos/tmp/04 Nummer 4.mp3, to: 
22-02-2012 21:08:28 > WORKER: 5 tasks, ADD task: OK , from: /home/jos/tmp/Alone.Mp3, to: 
22-02-2012 21:08:28 > WORKER: 4 tasks, ADD task: OK , from: /home/jos/tmp/CrazyOnYou-Studio-Eb.mp3, to: 
22-02-2012 21:08:29 > WORKER: 3 tasks, ADD task: OK , from: /home/jos/tmp/MagicMan-Eb.mp3, to: 
22-02-2012 21:08:29 > WORKER: 2 tasks, ADD task: OK , from: /home/jos/tmp/Track 01.mp3, to: 
22-02-2012 21:08:29 > WORKER: 1 tasks, ADD task: OK , from: /home/jos/tmp/Track 02.mp3, to: 
22-02-2012 21:08:41 > WATCHER EVENT: rename from: test to: nog een
22-02-2012 21:08:41 > WORKER: 1 tasks, RENAME task: OK , from: /home/jos/tmp/test, to:/home/jos/tmp/nog een
22-02-2012 21:08:46 > WATCHER EVENT: remove file: 01 Nummer 1.mp3
22-02-2012 21:08:46 > WATCHER EVENT: remove file: 02 Nummer 2.mp3
22-02-2012 21:08:46 > WATCHER EVENT: remove file: 04 Nummer 4.mp3
22-02-2012 21:08:46 > WATCHER EVENT: remove file: Alone.Mp3
22-02-2012 21:08:46 > WATCHER EVENT: remove file: CrazyOnYou-Studio-Eb.mp3
22-02-2012 21:08:46 > WATCHER EVENT: remove file: MagicMan-Eb.mp3
22-02-2012 21:08:46 > WATCHER EVENT: remove file: nog een
22-02-2012 21:08:46 > WATCHER EVENT: remove file: Track 01.mp3
22-02-2012 21:08:46 > WATCHER EVENT: remove file: Track 02.mp3
22-02-2012 21:08:46 > WORKER: 5 tasks, REMOVE task: OK , from: /home/jos/tmp/01 Nummer 1.mp3, to: 
22-02-2012 21:08:46 > WORKER: 8 tasks, REMOVE task: OK , from: /home/jos/tmp/02 Nummer 2.mp3, to: 
22-02-2012 21:08:46 > WORKER: 7 tasks, REMOVE task: OK , from: /home/jos/tmp/04 Nummer 4.mp3, to: 
22-02-2012 21:08:47 > WORKER: 6 tasks, REMOVE task: OK , from: /home/jos/tmp/Alone.Mp3, to: 
22-02-2012 21:08:47 > WORKER: 5 tasks, REMOVE task: OK , from: /home/jos/tmp/CrazyOnYou-Studio-Eb.mp3, to: 
22-02-2012 21:08:48 > WORKER: 4 tasks, REMOVE task: OK , from: /home/jos/tmp/MagicMan-Eb.mp3, to: 
22-02-2012 21:08:48 > WORKER: 3 tasks, REMOVE task: OK , from: /home/jos/tmp/nog een, to: 
22-02-2012 21:08:49 > WORKER: 2 tasks, REMOVE task: OK , from: /home/jos/tmp/Track 01.mp3, to: 
22-02-2012 21:08:50 > WORKER: 1 tasks, REMOVE task: OK , from: /home/jos/tmp/Track 02.mp3, to: 
22-02-2012 21:09:19 > WATCHER EVENT: add file: nog een
22-02-2012 21:09:19 > WORKER: 1 tasks, ADD task: OK , from: /home/jos/tmp/nog een, to: 
22-02-2012 21:09:29 > WATCHER EVENT: add file: 01 Nummer 1.mp3
22-02-2012 21:09:29 > WATCHER EVENT: add file: 02 Nummer 2.mp3
22-02-2012 21:09:29 > WATCHER EVENT: add file: 04 Nummer 4.mp3
22-02-2012 21:09:29 > WATCHER EVENT: add file: Alone.Mp3
22-02-2012 21:09:29 > WATCHER EVENT: add file: CrazyOnYou-Studio-Eb.mp3
22-02-2012 21:09:29 > WATCHER EVENT: add file: MagicMan-Eb.mp3
22-02-2012 21:09:29 > WATCHER EVENT: add file: Track 01.mp3
22-02-2012 21:09:29 > WATCHER EVENT: add file: Track 02.mp3
22-02-2012 21:09:30 > WORKER: 1 tasks, ADD task: OK , from: /home/jos/tmp/01 Nummer 1.mp3, to: 
22-02-2012 21:09:30 > WORKER: 7 tasks, ADD task: OK , from: /home/jos/tmp/02 Nummer 2.mp3, to: 
22-02-2012 21:09:30 > WORKER: 6 tasks, ADD task: OK , from: /home/jos/tmp/04 Nummer 4.mp3, to: 
22-02-2012 21:09:30 > WORKER: 5 tasks, ADD task: OK , from: /home/jos/tmp/Alone.Mp3, to: 
22-02-2012 21:09:30 > WORKER: 4 tasks, ADD task: OK , from: /home/jos/tmp/CrazyOnYou-Studio-Eb.mp3, to: 
22-02-2012 21:09:31 > WORKER: 3 tasks, ADD task: OK , from: /home/jos/tmp/MagicMan-Eb.mp3, to: 
22-02-2012 21:09:31 > WORKER: 2 tasks, ADD task: OK , from: /home/jos/tmp/Track 01.mp3, to: 
22-02-2012 21:09:31 > WORKER: 1 tasks, ADD task: OK , from: /home/jos/tmp/Track 02.mp3, to: 
22-02-2012 21:09:40 > WATCHER EVENT: rename from: nog een to: test
22-02-2012 21:09:40 > WORKER: 1 tasks, RENAME task: OK , from: /home/jos/tmp/nog een, to:/home/jos/tmp/test
22-02-2012 21:09:47 > WATCHER EVENT: remove file: 01 Nummer 1.mp3
22-02-2012 21:09:47 > WATCHER EVENT: remove file: 02 Nummer 2.mp3
22-02-2012 21:09:47 > WATCHER EVENT: remove file: 04 Nummer 4.mp3
22-02-2012 21:09:47 > WATCHER EVENT: remove file: Alone.Mp3
22-02-2012 21:09:47 > WATCHER EVENT: remove file: CrazyOnYou-Studio-Eb.mp3
22-02-2012 21:09:47 > WATCHER EVENT: remove file: MagicMan-Eb.mp3
22-02-2012 21:09:47 > WATCHER EVENT: remove file: test
22-02-2012 21:09:47 > WATCHER EVENT: remove file: Track 01.mp3
22-02-2012 21:09:47 > WATCHER EVENT: remove file: Track 02.mp3
22-02-2012 21:09:47 > WORKER: 8 tasks, REMOVE task: OK , from: /home/jos/tmp/01 Nummer 1.mp3, to: 
22-02-2012 21:09:47 > WORKER: 8 tasks, REMOVE task: OK , from: /home/jos/tmp/02 Nummer 2.mp3, to: 
22-02-2012 21:09:47 > WORKER: 7 tasks, REMOVE task: OK , from: /home/jos/tmp/04 Nummer 4.mp3, to: 
22-02-2012 21:09:48 > WORKER: 6 tasks, REMOVE task: OK , from: /home/jos/tmp/Alone.Mp3, to: 
22-02-2012 21:09:50 > WORKER: 5 tasks, REMOVE task: OK , from: /home/jos/tmp/CrazyOnYou-Studio-Eb.mp3, to: 
22-02-2012 21:09:50 > WORKER: 4 tasks, REMOVE task: OK , from: /home/jos/tmp/MagicMan-Eb.mp3, to: 
22-02-2012 21:09:50 > WORKER: 3 tasks, REMOVE task: OK , from: /home/jos/tmp/test, to: 
22-02-2012 21:09:51 > WORKER: 2 tasks, REMOVE task: OK , from: /home/jos/tmp/Track 01.mp3, to: 
22-02-2012 21:09:52 > WORKER: 1 tasks, REMOVE task: OK , from: /home/jos/tmp/Track 02.mp3, to: 
